<?xml version="1.0" encoding="UTF-8"?>
<!-- Generated by org.testng.reporters.JUnitReportReporter -->
<testsuite skipped="0" hostname="KAMAL" name="ecommerce.Automation" tests="4" failures="0" timestamp="2022-10-11T20:22:43 IST" time="105.715" errors="0">
  <testcase name="LaunchIE" time="4.033" classname="ecommerce.Automation"/>
  <testcase name="IE" time="42.014" classname="ecommerce.Automation"/>
  <testcase name="LaunchChrome" time="2.006" classname="ecommerce.Automation"/>
  <testcase name="f" time="57.662" classname="ecommerce.Automation"/>
</testsuite> <!-- ecommerce.Automation -->
