<?xml version="1.0" encoding="UTF-8"?>
<!-- Generated by org.testng.reporters.JUnitReportReporter -->
<testsuite skipped="0" hostname="KAMAL" name="SearchAndaddtoCart.SearchandAddToCartTest" tests="1" failures="0" timestamp="2022-09-30T16:15:43 IST" time="118.959" errors="0">
  <testcase name="f" time="118.959" classname="SearchAndaddtoCart.SearchandAddToCartTest"/>
</testsuite> <!-- SearchAndaddtoCart.SearchandAddToCartTest -->
