<?xml version="1.0" encoding="UTF-8"?>
<!-- Generated by org.testng.reporters.JUnitReportReporter -->
<testsuite skipped="0" hostname="KAMAL" name="PositiveTest.LoginTest" tests="1" failures="0" timestamp="2022-09-30T16:11:01 IST" time="36.265" errors="0">
  <testcase name="f" time="36.265" classname="PositiveTest.LoginTest"/>
</testsuite> <!-- PositiveTest.LoginTest -->
