<?xml version="1.0" encoding="UTF-8"?>
<!-- Generated by org.testng.reporters.JUnitReportReporter -->
<testsuite skipped="0" hostname="KAMAL" name="Testing.IndexTest" tests="1" failures="0" timestamp="2022-09-26T12:45:35 IST" time="18.198" errors="0">
  <testcase name="f" time="18.198" classname="Testing.IndexTest"/>
</testsuite> <!-- Testing.IndexTest -->
