<?xml version="1.0" encoding="UTF-8"?>
<!-- Generated by org.testng.reporters.JUnitReportReporter -->
<testsuite skipped="0" hostname="KAMAL" name="Testing.WebTest" tests="1" failures="0" timestamp="2022-09-26T16:52:40 IST" time="64.556" errors="0">
  <testcase name="f" time="64.556" classname="Testing.WebTest"/>
</testsuite> <!-- Testing.WebTest -->
