<?xml version="1.0" encoding="UTF-8"?>
<!-- Generated by org.testng.reporters.JUnitReportReporter -->
<testsuite skipped="0" hostname="KAMAL" name="Testing.GetInputTest" tests="1" failures="0" timestamp="2022-09-26T12:36:14 IST" time="24.859" errors="0">
  <testcase name="f" time="24.859" classname="Testing.GetInputTest"/>
</testsuite> <!-- Testing.GetInputTest -->
