<?xml version="1.0" encoding="UTF-8"?>
<!-- Generated by org.testng.reporters.JUnitReportReporter -->
<testsuite skipped="0" hostname="KAMAL" name="Testing.NewTest" tests="1" failures="0" timestamp="2022-09-26T10:59:04 IST" time="0.053" errors="0">
  <testcase name="f" time="0.053" classname="Testing.NewTest"/>
</testsuite> <!-- Testing.NewTest -->
