<?xml version="1.0" encoding="UTF-8"?>
<!-- Generated by org.testng.reporters.JUnitReportReporter -->
<testsuite skipped="0" hostname="KAMAL" name="Testing.DriverTest" tests="1" failures="0" timestamp="2022-09-26T12:30:23 IST" time="8.699" errors="0">
  <testcase name="f" time="8.699" classname="Testing.DriverTest"/>
</testsuite> <!-- Testing.DriverTest -->
