<?xml version="1.0" encoding="UTF-8"?>
<!-- Generated by org.testng.reporters.JUnitReportReporter -->
<testsuite skipped="0" hostname="KAMAL" name="Test.Login" tests="1" failures="0" timestamp="2022-10-13T19:08:09 IST" time="22.558" errors="0">
  <testcase name="delete" time="22.558" classname="Test.Login"/>
</testsuite> <!-- Test.Login -->
