<?xml version="1.0" encoding="UTF-8"?>
<!-- Generated by org.testng.reporters.JUnitReportReporter -->
<testsuite skipped="0" hostname="KAMAL" name="Test.Registration" tests="1" failures="0" timestamp="2022-10-13T19:04:29 IST" time="32.018" errors="0">
  <testcase name="registration" time="32.018" classname="Test.Registration"/>
</testsuite> <!-- Test.Registration -->
