<?xml version="1.0" encoding="UTF-8"?>
<!-- Generated by org.testng.reporters.JUnitReportReporter -->
<testsuite skipped="0" hostname="KAMAL" name="MessageTestngExample.TestAnnotation" tests="2" failures="0" timestamp="2022-09-28T11:40:02 IST" time="0.031" errors="0">
  <testcase name="Test1" time="0.022" classname="MessageTestngExample.TestAnnotation"/>
  <testcase name="Test2" time="0.009" classname="MessageTestngExample.TestAnnotation"/>
</testsuite> <!-- MessageTestngExample.TestAnnotation -->
