<?xml version="1.0" encoding="UTF-8"?>
<!-- Generated by org.testng.reporters.JUnitReportReporter -->
<testsuite skipped="0" hostname="KAMAL" name="Testing.IndexTest" tests="1" failures="0" timestamp="2022-09-27T10:38:27 IST" time="11.238" errors="0">
  <testcase name="f" time="11.238" classname="Testing.IndexTest"/>
</testsuite> <!-- Testing.IndexTest -->
