<?xml version="1.0" encoding="UTF-8"?>
<!-- Generated by org.testng.reporters.JUnitReportReporter -->
<testsuite skipped="0" hostname="KAMAL" name="TestngExample.TestDetails1" tests="2" failures="0" timestamp="2022-09-28T10:07:50 IST" time="0.050" errors="0">
  <testcase name="testmethod1" time="0.004" classname="TestngExample.TestDetails1"/>
  <testcase name="testmethod" time="0.046" classname="TestngExample.TestDetails1"/>
</testsuite> <!-- TestngExample.TestDetails1 -->
