<?xml version="1.0" encoding="UTF-8"?>
<!-- Generated by org.testng.reporters.JUnitReportReporter -->
<testsuite skipped="0" hostname="KAMAL" name="TestngExample.TestAnnotationParameter" tests="1" failures="0" timestamp="2022-09-29T10:52:31 IST" time="0.062" errors="0">
  <testcase name="Sum" time="0.062" classname="TestngExample.TestAnnotationParameter"/>
</testsuite> <!-- TestngExample.TestAnnotationParameter -->
