<?xml version="1.0" encoding="UTF-8"?>
<!-- Generated by org.testng.reporters.JUnitReportReporter -->
<testsuite skipped="0" hostname="KAMAL" name="TestngExample.SampleTest" tests="1" failures="0" timestamp="2022-09-28T10:09:13 IST" time="0.048" errors="0">
  <testcase name="testmethod" time="0.048" classname="TestngExample.SampleTest"/>
</testsuite> <!-- TestngExample.SampleTest -->
