<?xml version="1.0" encoding="UTF-8"?>
<!-- Generated by org.testng.reporters.JUnitReportReporter -->
<testsuite skipped="0" hostname="KAMAL" name="TestngExample.DataProviderTest" tests="4" failures="0" timestamp="2022-09-29T10:06:20 IST" time="0.053" errors="0">
  <testcase name="testMethodOne" time="0.038" classname="TestngExample.DataProviderTest"/>
  <testcase name="testMethodTwo" time="0.005" classname="TestngExample.DataProviderTest"/>
  <testcase name="testMethodTwo" time="0.005" classname="TestngExample.DataProviderTest"/>
  <testcase name="testMethodOne" time="0.005" classname="TestngExample.DataProviderTest"/>
</testsuite> <!-- TestngExample.DataProviderTest -->
