<?xml version="1.0" encoding="UTF-8"?>
<!-- Generated by org.testng.reporters.JUnitReportReporter -->
<testsuite skipped="0" hostname="KAMAL" name="MessageTestngExample.TestAnnotationBeforeGroups" tests="2" failures="0" timestamp="2022-09-28T11:40:21 IST" time="0.029" errors="0">
  <testcase name="testMethod" time="0.024" classname="MessageTestngExample.TestAnnotationBeforeGroups"/>
  <testcase name="testMethod1" time="0.005" classname="MessageTestngExample.TestAnnotationBeforeGroups"/>
</testsuite> <!-- MessageTestngExample.TestAnnotationBeforeGroups -->
