<?xml version="1.0" encoding="UTF-8"?>
<!-- Generated by org.testng.reporters.JUnitReportReporter -->
<testsuite skipped="0" hostname="KAMAL" name="Practiceproject.Locatingwebpageelements" tests="1" failures="0" timestamp="2022-09-27T09:26:20 IST" time="52.389" errors="0">
  <testcase name="f" time="52.389" classname="Practiceproject.Locatingwebpageelements"/>
</testsuite> <!-- Practiceproject.Locatingwebpageelements -->
