<?xml version="1.0" encoding="UTF-8"?>
<!-- Generated by org.testng.reporters.JUnitReportReporter -->
<testsuite skipped="0" hostname="KAMAL" name="Practiceproject.Screenshot" tests="1" failures="0" timestamp="2022-09-27T11:26:20 IST" time="69.965" errors="0">
  <testcase name="f" time="69.965" classname="Practiceproject.Screenshot"/>
</testsuite> <!-- Practiceproject.Screenshot -->
