<?xml version="1.0" encoding="UTF-8"?>
<!-- Generated by org.testng.reporters.JUnitReportReporter -->
<testsuite skipped="0" hostname="KAMAL" name="TestngExample.TestDetails2" tests="1" failures="0" timestamp="2022-09-28T10:07:50 IST" time="0.005" errors="0">
  <testcase name="testmethod" time="0.005" classname="TestngExample.TestDetails2"/>
</testsuite> <!-- TestngExample.TestDetails2 -->
