<?xml version="1.0" encoding="UTF-8"?>
<!-- Generated by org.testng.reporters.JUnitReportReporter -->
<testsuite skipped="0" hostname="KAMAL" name="Practiceproject.Handlingvariouswebelements" tests="1" failures="0" timestamp="2022-09-27T10:56:23 IST" time="14.966" errors="0">
  <testcase name="f" time="14.966" classname="Practiceproject.Handlingvariouswebelements"/>
</testsuite> <!-- Practiceproject.Handlingvariouswebelements -->
