<?xml version="1.0" encoding="UTF-8"?>
<!-- Generated by org.testng.reporters.JUnitReportReporter -->
<testsuite skipped="0" hostname="KAMAL" name="LoginForm.LoginFormTest" tests="5" failures="0" timestamp="2022-09-28T17:01:11 IST" time="13.825" errors="0">
  <testcase name="btestUserInput" time="3.270" classname="LoginForm.LoginFormTest"/>
  <testcase name="detestLink" time="2.628" classname="LoginForm.LoginFormTest"/>
  <testcase name="dtestCheckBox" time="2.640" classname="LoginForm.LoginFormTest"/>
  <testcase name="ftestLogInButton" time="2.663" classname="LoginForm.LoginFormTest"/>
  <testcase name="ctestUserPassword" time="2.624" classname="LoginForm.LoginFormTest"/>
</testsuite> <!-- LoginForm.LoginFormTest -->
